# JRE version: Java(TM) SE Runtime Environment (8.0_65-b17) (build 1.8.0_65-b17)
# Java VM: Java HotSpot(TM) 64-Bit Server VM (25.65-b01 mixed mode windows-amd64 compressed oops)
Heap:
 PSYoungGen      total 60416K, used 26992K [0x00000000eab00000, 0x00000000ef500000, 0x0000000100000000)
  eden space 50688K, 38% used [0x00000000eab00000,0x00000000ebe181f8,0x00000000edc80000)
  from space 9728K, 76% used [0x00000000edc80000,0x00000000ee3c3fd8,0x00000000ee600000)
  to   space 8192K, 0% used [0x00000000ee600000,0x00000000ee600000,0x00000000eee00000)
 ParOldGen       total 38400K, used 11256K [0x00000000c0000000, 0x00000000c2580000, 0x00000000eab00000)
  object space 38400K, 29% used [0x00000000c0000000,0x00000000c0afe2a0,0x00000000c2580000)
 Metaspace       used 31971K, capacity 32660K, committed 32896K, reserved 1077248K
  class space    used 4222K, capacity 4405K, committed 4480K, reserved 1048576K
GC Heap History (10 events):
Event: 14.469 GC heap before
{Heap before GC invocations=12 (full 1):
 PSYoungGen      total 48640K, used 43136K [0x00000000eab00000, 0x00000000ee180000, 0x0000000100000000)
  eden space 41472K, 100% used [0x00000000eab00000,0x00000000ed380000,0x00000000ed380000)
  from space 7168K, 23% used [0x00000000eda80000,0x00000000edc20030,0x00000000ee180000)
  to   space 7168K, 0% used [0x00000000ed380000,0x00000000ed380000,0x00000000eda80000)
 ParOldGen       total 38400K, used 9436K [0x00000000c0000000, 0x00000000c2580000, 0x00000000eab00000)
  object space 38400K, 24% used [0x00000000c0000000,0x00000000c09373b8,0x00000000c2580000)
 Metaspace       used 21112K, capacity 21472K, committed 21632K, reserved 1069056K
  class space    used 2756K, capacity 2886K, committed 2944K, reserved 1048576K
Event: 14.484 GC heap after
Heap after GC invocations=12 (full 1):
 PSYoungGen      total 48640K, used 2000K [0x00000000eab00000, 0x00000000ee180000, 0x0000000100000000)
  eden space 41472K, 0% used [0x00000000eab00000,0x00000000eab00000,0x00000000ed380000)
  from space 7168K, 27% used [0x00000000ed380000,0x00000000ed574040,0x00000000eda80000)
  to   space 7168K, 0% used [0x00000000eda80000,0x00000000eda80000,0x00000000ee180000)
 ParOldGen       total 38400K, used 9436K [0x00000000c0000000, 0x00000000c2580000, 0x00000000eab00000)
  object space 38400K, 24% used [0x00000000c0000000,0x00000000c09373b8,0x00000000c2580000)
 Metaspace       used 21112K, capacity 21472K, committed 21632K, reserved 1069056K
  class space    used 2756K, capacity 2886K, committed 2944K, reserved 1048576K
}
Event: 15.098 GC heap before
{Heap before GC invocations=13 (full 1):
 PSYoungGen      total 48640K, used 43472K [0x00000000eab00000, 0x00000000ee180000, 0x0000000100000000)
  eden space 41472K, 100% used [0x00000000eab00000,0x00000000ed380000,0x00000000ed380000)
  from space 7168K, 27% used [0x00000000ed380000,0x00000000ed574040,0x00000000eda80000)
  to   space 7168K, 0% used [0x00000000eda80000,0x00000000eda80000,0x00000000ee180000)
 ParOldGen       total 38400K, used 9436K [0x00000000c0000000, 0x00000000c2580000, 0x00000000eab00000)
  object space 38400K, 24% used [0x00000000c0000000,0x00000000c09373b8,0x00000000c2580000)
 Metaspace       used 21683K, capacity 22048K, committed 22272K, reserved 1069056K
  class space    used 2817K, capacity 2950K, committed 3072K, reserved 1048576K
Event: 15.106 GC heap after
Heap after GC invocations=13 (full 1):
 PSYoungGen      total 49152K, used 3364K [0x00000000eab00000, 0x00000000eeb80000, 0x0000000100000000)
  eden space 41984K, 0% used [0x00000000eab00000,0x00000000eab00000,0x00000000ed400000)
  from space 7168K, 46% used [0x00000000eda80000,0x00000000eddc90a8,0x00000000ee180000)
  to   space 6656K, 0% used [0x00000000ed400000,0x00000000ed400000,0x00000000eda80000)
 ParOldGen       total 38400K, used 9444K [0x00000000c0000000, 0x00000000c2580000, 0x00000000eab00000)
  object space 38400K, 24% used [0x00000000c0000000,0x00000000c09393b8,0x00000000c2580000)
 Metaspace       used 21683K, capacity 22048K, committed 22272K, reserved 1069056K
  class space    used 2817K, capacity 2950K, committed 3072K, reserved 1048576K
}
Event: 18.147 GC heap before
{Heap before GC invocations=14 (full 1):
 PSYoungGen      total 49152K, used 45348K [0x00000000eab00000, 0x00000000eeb80000, 0x0000000100000000)
  eden space 41984K, 100% used [0x00000000eab00000,0x00000000ed400000,0x00000000ed400000)
  from space 7168K, 46% used [0x00000000eda80000,0x00000000eddc90a8,0x00000000ee180000)
  to   space 6656K, 0% used [0x00000000ed400000,0x00000000ed400000,0x00000000eda80000)
 ParOldGen       total 38400K, used 9444K [0x00000000c0000000, 0x00000000c2580000, 0x00000000eab00000)
  object space 38400K, 24% used [0x00000000c0000000,0x00000000c09393b8,0x00000000c2580000)
 Metaspace       used 25051K, capacity 25548K, committed 25856K, reserved 1071104K
  class space    used 3312K, capacity 3465K, committed 3584K, reserved 1048576K
Event: 18.162 GC heap after
Heap after GC invocations=14 (full 1):
 PSYoungGen      total 48640K, used 6640K [0x00000000eab00000, 0x00000000eee00000, 0x0000000100000000)
  eden space 41984K, 0% used [0x00000000eab00000,0x00000000eab00000,0x00000000ed400000)
  from space 6656K, 99% used [0x00000000ed400000,0x00000000eda7c188,0x00000000eda80000)
  to   space 8192K, 0% used [0x00000000ee600000,0x00000000ee600000,0x00000000eee00000)
 ParOldGen       total 38400K, used 10303K [0x00000000c0000000, 0x00000000c2580000, 0x00000000eab00000)
  object space 38400K, 26% used [0x00000000c0000000,0x00000000c0a0fc18,0x00000000c2580000)
 Metaspace       used 25051K, capacity 25548K, committed 25856K, reserved 1071104K
  class space    used 3312K, capacity 3465K, committed 3584K, reserved 1048576K
}
Event: 20.201 GC heap before
{Heap before GC invocations=15 (full 1):
 PSYoungGen      total 48640K, used 48624K [0x00000000eab00000, 0x00000000eee00000, 0x0000000100000000)
  eden space 41984K, 100% used [0x00000000eab00000,0x00000000ed400000,0x00000000ed400000)
  from space 6656K, 99% used [0x00000000ed400000,0x00000000eda7c188,0x00000000eda80000)
  to   space 8192K, 0% used [0x00000000ee600000,0x00000000ee600000,0x00000000eee00000)
 ParOldGen       total 38400K, used 10303K [0x00000000c0000000, 0x00000000c2580000, 0x00000000eab00000)
  object space 38400K, 26% used [0x00000000c0000000,0x00000000c0a0fc18,0x00000000c2580000)
 Metaspace       used 27959K, capacity 28544K, committed 28800K, reserved 1075200K
  class space    used 3803K, capacity 3929K, committed 3968K, reserved 1048576K
Event: 20.317 GC heap after
Heap after GC invocations=15 (full 1):
 PSYoungGen      total 58880K, used 8173K [0x00000000eab00000, 0x00000000ef500000, 0x0000000100000000)
  eden space 50688K, 0% used [0x00000000eab00000,0x00000000eab00000,0x00000000edc80000)
  from space 8192K, 99% used [0x00000000ee600000,0x00000000eedfb560,0x00000000eee00000)
  to   space 9728K, 0% used [0x00000000edc80000,0x00000000edc80000,0x00000000ee600000)
 ParOldGen       total 38400K, used 10968K [0x00000000c0000000, 0x00000000c2580000, 0x00000000eab00000)
  object space 38400K, 28% used [0x00000000c0000000,0x00000000c0ab6280,0x00000000c2580000)
 Metaspace       used 27959K, capacity 28544K, committed 28800K, reserved 1075200K
  class space    used 3803K, capacity 3929K, committed 3968K, reserved 1048576K
}
Event: 28.004 GC heap before
{Heap before GC invocations=16 (full 1):
 PSYoungGen      total 58880K, used 58861K [0x00000000eab00000, 0x00000000ef500000, 0x0000000100000000)
  eden space 50688K, 100% used [0x00000000eab00000,0x00000000edc80000,0x00000000edc80000)
  from space 8192K, 99% used [0x00000000ee600000,0x00000000eedfb560,0x00000000eee00000)
  to   space 9728K, 0% used [0x00000000edc80000,0x00000000edc80000,0x00000000ee600000)
 ParOldGen       total 38400K, used 10968K [0x00000000c0000000, 0x00000000c2580000, 0x00000000eab00000)
  object space 38400K, 28% used [0x00000000c0000000,0x00000000c0ab6280,0x00000000c2580000)
 Metaspace       used 30407K, capacity 31000K, committed 31104K, reserved 1077248K
  class space    used 4035K, capacity 4189K, committed 4224K, reserved 1048576K
Event: 28.057 GC heap after
Heap after GC invocations=16 (full 1):
 PSYoungGen      total 60416K, used 7439K [0x00000000eab00000, 0x00000000ef500000, 0x0000000100000000)
  eden space 50688K, 0% used [0x00000000eab00000,0x00000000eab00000,0x00000000edc80000)
  from space 9728K, 76% used [0x00000000edc80000,0x00000000ee3c3fd8,0x00000000ee600000)
  to   space 8192K, 0% used [0x00000000ee600000,0x00000000ee600000,0x00000000eee00000)
 ParOldGen       total 38400K, used 11256K [0x00000000c0000000, 0x00000000c2580000, 0x00000000eab00000)
  object space 38400K, 29% used [0x00000000c0000000,0x00000000c0afe2a0,0x00000000c2580000)
 Metaspace       used 30407K, capacity 31000K, committed 31104K, reserved 1077248K
  class space    used 4035K, capacity 4189K, committed 4224K, reserved 1048576K
}

